2023-02-03 10:43:41,851 [Worker-7: Loading available Gradle versions] INFO  o.e.b.c.i.u.g.PublishedGradleVersions - Gradle version information cache is up-to-date. Trying to read.
2023-02-03 11:04:46,707 [Worker-50: Creating maven-archetype-quickstart] INFO  o.e.m.c.i.p.ProjectConfigurationManager - Collecting project info '/pom.xml' /Users/june/eclipse-workspace/streamsAndLambdas/streamsAndLambdas/pom.xml
2023-02-03 11:04:48,088 [Worker-50: Creating maven-archetype-quickstart] INFO  o.e.m.c.i.l.LifecycleMappingFactory - Using org.eclipse.m2e.jdt.JarLifecycleMapping lifecycle mapping for MavenProject: com.june:streamsAndLambdas:0.0.1-SNAPSHOT @ /Users/june/eclipse-workspace/streamsAndLambdas/streamsAndLambdas/pom.xml.
2023-02-03 11:04:49,402 [Worker-50: Creating maven-archetype-quickstart] INFO  o.e.m.j.i.AbstractJavaProjectConfigurator - Adding source folder /streamsAndLambdas/src/main/java
2023-02-03 11:04:49,411 [Worker-50: Creating maven-archetype-quickstart] INFO  o.e.m.j.i.AbstractJavaProjectConfigurator - Adding source folder /streamsAndLambdas/src/test/java
2023-02-03 11:04:49,682 [Worker-50: Creating maven-archetype-quickstart] INFO  o.e.m.c.i.p.ProjectConfigurationManager - Imported and configured 1 project(s) in 2 sec
2023-02-03 11:04:51,269 [Worker-48: Building] INFO  o.e.m.c.i.embedder.EclipseLogger - Using 'UTF-8' encoding to copy filtered resources.
2023-02-03 11:04:51,270 [Worker-48: Building] INFO  o.e.m.c.i.embedder.EclipseLogger - skip non existing resourceDirectory /Users/june/eclipse-workspace/streamsAndLambdas/streamsAndLambdas/src/main/resources
2023-02-03 11:04:51,275 [Worker-48: Building] INFO  o.e.m.c.i.embedder.EclipseLogger - Using 'UTF-8' encoding to copy filtered resources.
2023-02-03 11:04:51,275 [Worker-48: Building] INFO  o.e.m.c.i.embedder.EclipseLogger - skip non existing resourceDirectory /Users/june/eclipse-workspace/streamsAndLambdas/streamsAndLambdas/src/test/resources
2023-02-03 11:05:31,203 [Worker-49: Building] INFO  o.e.m.c.i.l.LifecycleMappingFactory - Using org.eclipse.m2e.jdt.JarLifecycleMapping lifecycle mapping for MavenProject: com.june:streamsAndLambdas:0.0.1-SNAPSHOT @ /Users/june/eclipse-workspace/streamsAndLambdas/streamsAndLambdas/pom.xml.
2023-02-03 11:05:31,358 [Worker-49: Building] INFO  o.e.m.c.i.embedder.EclipseLogger - Using 'UTF-8' encoding to copy filtered resources.
2023-02-03 11:05:31,359 [Worker-49: Building] INFO  o.e.m.c.i.embedder.EclipseLogger - skip non existing resourceDirectory /Users/june/eclipse-workspace/streamsAndLambdas/streamsAndLambdas/src/main/resources
2023-02-03 11:05:31,363 [Worker-49: Building] INFO  o.e.m.c.i.embedder.EclipseLogger - Using 'UTF-8' encoding to copy filtered resources.
2023-02-03 11:05:31,364 [Worker-49: Building] INFO  o.e.m.c.i.embedder.EclipseLogger - skip non existing resourceDirectory /Users/june/eclipse-workspace/streamsAndLambdas/streamsAndLambdas/src/test/resources
2023-02-03 11:05:33,307 [Worker-49: Building] INFO  o.e.m.c.i.embedder.EclipseLogger - Using 'UTF-8' encoding to copy filtered resources.
2023-02-03 11:05:33,308 [Worker-49: Building] INFO  o.e.m.c.i.embedder.EclipseLogger - skip non existing resourceDirectory /Users/june/eclipse-workspace/streamsAndLambdas/streamsAndLambdas/src/main/resources
2023-02-03 11:05:33,310 [Worker-49: Building] INFO  o.e.m.c.i.embedder.EclipseLogger - Using 'UTF-8' encoding to copy filtered resources.
2023-02-03 11:05:33,310 [Worker-49: Building] INFO  o.e.m.c.i.embedder.EclipseLogger - skip non existing resourceDirectory /Users/june/eclipse-workspace/streamsAndLambdas/streamsAndLambdas/src/test/resources
2023-02-03 11:20:06,913 [Worker-50: Updating Maven Project] INFO  o.e.m.c.i.p.ProjectConfigurationManager - Update started
2023-02-03 11:20:07,364 [Worker-50: Updating Maven Project] INFO  o.e.m.c.i.l.LifecycleMappingFactory - Using org.eclipse.m2e.jdt.JarLifecycleMapping lifecycle mapping for MavenProject: com.june:streamsAndLambdas:0.0.1-SNAPSHOT @ /Users/june/eclipse-workspace/streamsAndLambdas/streamsAndLambdas/pom.xml.
2023-02-03 11:20:07,526 [Worker-50: Updating Maven Project] INFO  o.e.m.j.i.AbstractJavaProjectConfigurator - Adding source folder /streamsAndLambdas/src/main/java
2023-02-03 11:20:07,527 [Worker-50: Updating Maven Project] INFO  o.e.m.j.i.AbstractJavaProjectConfigurator - Adding source folder /streamsAndLambdas/src/test/java
2023-02-03 11:20:08,949 [Worker-50: Updating Maven Project] INFO  o.e.m.c.i.p.ProjectConfigurationManager - Update completed: 2 sec
2023-02-03 11:20:09,706 [Worker-56: Building] INFO  o.e.m.c.i.embedder.EclipseLogger - Using 'UTF-8' encoding to copy filtered resources.
2023-02-03 11:20:09,707 [Worker-56: Building] INFO  o.e.m.c.i.embedder.EclipseLogger - skip non existing resourceDirectory /Users/june/eclipse-workspace/streamsAndLambdas/streamsAndLambdas/src/main/resources
2023-02-03 11:20:09,713 [Worker-56: Building] INFO  o.e.m.c.i.embedder.EclipseLogger - Using 'UTF-8' encoding to copy filtered resources.
2023-02-03 11:20:09,713 [Worker-56: Building] INFO  o.e.m.c.i.embedder.EclipseLogger - skip non existing resourceDirectory /Users/june/eclipse-workspace/streamsAndLambdas/streamsAndLambdas/src/test/resources
2023-02-03 11:20:23,016 [Worker-56: Building] INFO  o.e.m.c.i.embedder.EclipseLogger - Using 'UTF-8' encoding to copy filtered resources.
2023-02-03 11:20:23,025 [Worker-56: Building] INFO  o.e.m.c.i.embedder.EclipseLogger - skip non existing resourceDirectory /Users/june/eclipse-workspace/streamsAndLambdas/streamsAndLambdas/src/main/resources
2023-02-03 11:20:23,028 [Worker-56: Building] INFO  o.e.m.c.i.embedder.EclipseLogger - Using 'UTF-8' encoding to copy filtered resources.
2023-02-03 11:20:23,028 [Worker-56: Building] INFO  o.e.m.c.i.embedder.EclipseLogger - skip non existing resourceDirectory /Users/june/eclipse-workspace/streamsAndLambdas/streamsAndLambdas/src/test/resources
2023-02-03 11:20:27,812 [Worker-52: Building] INFO  o.e.m.c.i.embedder.EclipseLogger - Using 'UTF-8' encoding to copy filtered resources.
2023-02-03 11:20:27,813 [Worker-52: Building] INFO  o.e.m.c.i.embedder.EclipseLogger - skip non existing resourceDirectory /Users/june/eclipse-workspace/streamsAndLambdas/streamsAndLambdas/src/main/resources
2023-02-03 11:20:27,814 [Worker-52: Building] INFO  o.e.m.c.i.embedder.EclipseLogger - Using 'UTF-8' encoding to copy filtered resources.
2023-02-03 11:20:27,814 [Worker-52: Building] INFO  o.e.m.c.i.embedder.EclipseLogger - skip non existing resourceDirectory /Users/june/eclipse-workspace/streamsAndLambdas/streamsAndLambdas/src/test/resources
2023-02-06 15:20:12,368 [Worker-0: Loading available Gradle versions] INFO  o.e.b.c.i.u.g.PublishedGradleVersions - Gradle version information cache is out-of-date. Trying to update.
2023-02-06 15:20:18,627 [Worker-5: Building] INFO  o.e.m.c.i.embedder.EclipseLogger - Using 'UTF-8' encoding to copy filtered resources.
2023-02-06 15:20:18,630 [Worker-5: Building] INFO  o.e.m.c.i.embedder.EclipseLogger - skip non existing resourceDirectory /Users/june/eclipse-workspace/streamsAndLambdas/streamsAndLambdas/src/main/resources
2023-02-06 15:20:18,671 [Worker-5: Building] INFO  o.e.m.c.i.embedder.EclipseLogger - Using 'UTF-8' encoding to copy filtered resources.
2023-02-06 15:20:18,672 [Worker-5: Building] INFO  o.e.m.c.i.embedder.EclipseLogger - skip non existing resourceDirectory /Users/june/eclipse-workspace/streamsAndLambdas/streamsAndLambdas/src/test/resources
2023-02-06 15:27:55,877 [Worker-31: Building] INFO  o.e.m.c.i.embedder.EclipseLogger - Using 'UTF-8' encoding to copy filtered resources.
2023-02-06 15:27:55,877 [Worker-31: Building] INFO  o.e.m.c.i.embedder.EclipseLogger - skip non existing resourceDirectory /Users/june/eclipse-workspace/streamsAndLambdas/streamsAndLambdas/src/main/resources
2023-02-06 15:27:55,880 [Worker-31: Building] INFO  o.e.m.c.i.embedder.EclipseLogger - Using 'UTF-8' encoding to copy filtered resources.
2023-02-06 15:27:55,880 [Worker-31: Building] INFO  o.e.m.c.i.embedder.EclipseLogger - skip non existing resourceDirectory /Users/june/eclipse-workspace/streamsAndLambdas/streamsAndLambdas/src/test/resources
2023-02-06 15:30:17,017 [Worker-30: Building] INFO  o.e.m.c.i.embedder.EclipseLogger - Using 'UTF-8' encoding to copy filtered resources.
2023-02-06 15:30:17,019 [Worker-30: Building] INFO  o.e.m.c.i.embedder.EclipseLogger - skip non existing resourceDirectory /Users/june/eclipse-workspace/streamsAndLambdas/streamsAndLambdas/src/main/resources
2023-02-06 15:30:17,024 [Worker-30: Building] INFO  o.e.m.c.i.embedder.EclipseLogger - Using 'UTF-8' encoding to copy filtered resources.
2023-02-06 15:30:17,024 [Worker-30: Building] INFO  o.e.m.c.i.embedder.EclipseLogger - skip non existing resourceDirectory /Users/june/eclipse-workspace/streamsAndLambdas/streamsAndLambdas/src/test/resources
2023-02-06 15:30:43,072 [Worker-28: Building] INFO  o.e.m.c.i.embedder.EclipseLogger - Using 'UTF-8' encoding to copy filtered resources.
2023-02-06 15:30:43,074 [Worker-28: Building] INFO  o.e.m.c.i.embedder.EclipseLogger - skip non existing resourceDirectory /Users/june/eclipse-workspace/streamsAndLambdas/streamsAndLambdas/src/main/resources
2023-02-06 15:30:43,075 [Worker-28: Building] INFO  o.e.m.c.i.embedder.EclipseLogger - Using 'UTF-8' encoding to copy filtered resources.
2023-02-06 15:30:43,075 [Worker-28: Building] INFO  o.e.m.c.i.embedder.EclipseLogger - skip non existing resourceDirectory /Users/june/eclipse-workspace/streamsAndLambdas/streamsAndLambdas/src/test/resources
2023-02-06 15:31:20,159 [Worker-25: Building] INFO  o.e.m.c.i.embedder.EclipseLogger - Using 'UTF-8' encoding to copy filtered resources.
2023-02-06 15:31:20,160 [Worker-25: Building] INFO  o.e.m.c.i.embedder.EclipseLogger - skip non existing resourceDirectory /Users/june/eclipse-workspace/streamsAndLambdas/streamsAndLambdas/src/main/resources
2023-02-06 15:31:20,165 [Worker-25: Building] INFO  o.e.m.c.i.embedder.EclipseLogger - Using 'UTF-8' encoding to copy filtered resources.
2023-02-06 15:31:20,165 [Worker-25: Building] INFO  o.e.m.c.i.embedder.EclipseLogger - skip non existing resourceDirectory /Users/june/eclipse-workspace/streamsAndLambdas/streamsAndLambdas/src/test/resources
2023-02-06 15:31:35,398 [Worker-32: Building] INFO  o.e.m.c.i.embedder.EclipseLogger - Using 'UTF-8' encoding to copy filtered resources.
2023-02-06 15:31:35,398 [Worker-32: Building] INFO  o.e.m.c.i.embedder.EclipseLogger - skip non existing resourceDirectory /Users/june/eclipse-workspace/streamsAndLambdas/streamsAndLambdas/src/main/resources
2023-02-06 15:31:35,404 [Worker-32: Building] INFO  o.e.m.c.i.embedder.EclipseLogger - Using 'UTF-8' encoding to copy filtered resources.
2023-02-06 15:31:35,404 [Worker-32: Building] INFO  o.e.m.c.i.embedder.EclipseLogger - skip non existing resourceDirectory /Users/june/eclipse-workspace/streamsAndLambdas/streamsAndLambdas/src/test/resources
2023-02-06 15:37:28,563 [Worker-29: Launching Main] INFO  o.e.m.c.i.embedder.EclipseLogger - Using 'UTF-8' encoding to copy filtered resources.
2023-02-06 15:37:28,563 [Worker-29: Launching Main] INFO  o.e.m.c.i.embedder.EclipseLogger - skip non existing resourceDirectory /Users/june/eclipse-workspace/streamsAndLambdas/streamsAndLambdas/src/main/resources
2023-02-06 15:37:28,564 [Worker-29: Launching Main] INFO  o.e.m.c.i.embedder.EclipseLogger - Using 'UTF-8' encoding to copy filtered resources.
2023-02-06 15:37:28,565 [Worker-29: Launching Main] INFO  o.e.m.c.i.embedder.EclipseLogger - skip non existing resourceDirectory /Users/june/eclipse-workspace/streamsAndLambdas/streamsAndLambdas/src/test/resources
2023-02-06 15:37:47,137 [Worker-28: Launching Main] INFO  o.e.m.c.i.embedder.EclipseLogger - Using 'UTF-8' encoding to copy filtered resources.
2023-02-06 15:37:47,139 [Worker-28: Launching Main] INFO  o.e.m.c.i.embedder.EclipseLogger - skip non existing resourceDirectory /Users/june/eclipse-workspace/streamsAndLambdas/streamsAndLambdas/src/main/resources
2023-02-06 15:37:47,144 [Worker-28: Launching Main] INFO  o.e.m.c.i.embedder.EclipseLogger - Using 'UTF-8' encoding to copy filtered resources.
2023-02-06 15:37:47,144 [Worker-28: Launching Main] INFO  o.e.m.c.i.embedder.EclipseLogger - skip non existing resourceDirectory /Users/june/eclipse-workspace/streamsAndLambdas/streamsAndLambdas/src/test/resources
2023-02-06 15:41:56,248 [Worker-36: Building] INFO  o.e.m.c.i.embedder.EclipseLogger - Using 'UTF-8' encoding to copy filtered resources.
2023-02-06 15:41:56,249 [Worker-36: Building] INFO  o.e.m.c.i.embedder.EclipseLogger - skip non existing resourceDirectory /Users/june/eclipse-workspace/streamsAndLambdas/streamsAndLambdas/src/main/resources
2023-02-06 15:41:56,250 [Worker-36: Building] INFO  o.e.m.c.i.embedder.EclipseLogger - Using 'UTF-8' encoding to copy filtered resources.
2023-02-06 15:41:56,250 [Worker-36: Building] INFO  o.e.m.c.i.embedder.EclipseLogger - skip non existing resourceDirectory /Users/june/eclipse-workspace/streamsAndLambdas/streamsAndLambdas/src/test/resources
2023-02-06 15:43:15,613 [Worker-36: Building] INFO  o.e.m.c.i.embedder.EclipseLogger - Using 'UTF-8' encoding to copy filtered resources.
2023-02-06 15:43:15,615 [Worker-36: Building] INFO  o.e.m.c.i.embedder.EclipseLogger - skip non existing resourceDirectory /Users/june/eclipse-workspace/streamsAndLambdas/streamsAndLambdas/src/main/resources
2023-02-06 15:43:15,626 [Worker-36: Building] INFO  o.e.m.c.i.embedder.EclipseLogger - Using 'UTF-8' encoding to copy filtered resources.
2023-02-06 15:43:15,626 [Worker-36: Building] INFO  o.e.m.c.i.embedder.EclipseLogger - skip non existing resourceDirectory /Users/june/eclipse-workspace/streamsAndLambdas/streamsAndLambdas/src/test/resources
2023-02-06 15:45:39,010 [Worker-36: Launching Main] INFO  o.e.m.c.i.embedder.EclipseLogger - Using 'UTF-8' encoding to copy filtered resources.
2023-02-06 15:45:39,013 [Worker-36: Launching Main] INFO  o.e.m.c.i.embedder.EclipseLogger - skip non existing resourceDirectory /Users/june/eclipse-workspace/streamsAndLambdas/streamsAndLambdas/src/main/resources
2023-02-06 15:45:39,014 [Worker-36: Launching Main] INFO  o.e.m.c.i.embedder.EclipseLogger - Using 'UTF-8' encoding to copy filtered resources.
2023-02-06 15:45:39,015 [Worker-36: Launching Main] INFO  o.e.m.c.i.embedder.EclipseLogger - skip non existing resourceDirectory /Users/june/eclipse-workspace/streamsAndLambdas/streamsAndLambdas/src/test/resources
2023-02-06 15:47:30,074 [Worker-36: Launching Main] INFO  o.e.m.c.i.embedder.EclipseLogger - Using 'UTF-8' encoding to copy filtered resources.
2023-02-06 15:47:30,076 [Worker-36: Launching Main] INFO  o.e.m.c.i.embedder.EclipseLogger - skip non existing resourceDirectory /Users/june/eclipse-workspace/streamsAndLambdas/streamsAndLambdas/src/main/resources
2023-02-06 15:47:30,078 [Worker-36: Launching Main] INFO  o.e.m.c.i.embedder.EclipseLogger - Using 'UTF-8' encoding to copy filtered resources.
2023-02-06 15:47:30,078 [Worker-36: Launching Main] INFO  o.e.m.c.i.embedder.EclipseLogger - skip non existing resourceDirectory /Users/june/eclipse-workspace/streamsAndLambdas/streamsAndLambdas/src/test/resources
2023-02-06 15:49:12,564 [Worker-39: Launching Main] INFO  o.e.m.c.i.embedder.EclipseLogger - Using 'UTF-8' encoding to copy filtered resources.
2023-02-06 15:49:12,567 [Worker-39: Launching Main] INFO  o.e.m.c.i.embedder.EclipseLogger - skip non existing resourceDirectory /Users/june/eclipse-workspace/streamsAndLambdas/streamsAndLambdas/src/main/resources
2023-02-06 15:49:12,568 [Worker-39: Launching Main] INFO  o.e.m.c.i.embedder.EclipseLogger - Using 'UTF-8' encoding to copy filtered resources.
2023-02-06 15:49:12,569 [Worker-39: Launching Main] INFO  o.e.m.c.i.embedder.EclipseLogger - skip non existing resourceDirectory /Users/june/eclipse-workspace/streamsAndLambdas/streamsAndLambdas/src/test/resources
2023-02-06 15:49:41,141 [Worker-39: Launching Main] INFO  o.e.m.c.i.embedder.EclipseLogger - Using 'UTF-8' encoding to copy filtered resources.
2023-02-06 15:49:41,143 [Worker-39: Launching Main] INFO  o.e.m.c.i.embedder.EclipseLogger - skip non existing resourceDirectory /Users/june/eclipse-workspace/streamsAndLambdas/streamsAndLambdas/src/main/resources
2023-02-06 15:49:41,146 [Worker-39: Launching Main] INFO  o.e.m.c.i.embedder.EclipseLogger - Using 'UTF-8' encoding to copy filtered resources.
2023-02-06 15:49:41,148 [Worker-39: Launching Main] INFO  o.e.m.c.i.embedder.EclipseLogger - skip non existing resourceDirectory /Users/june/eclipse-workspace/streamsAndLambdas/streamsAndLambdas/src/test/resources
2023-02-06 15:50:44,257 [Worker-41: Launching Main] INFO  o.e.m.c.i.embedder.EclipseLogger - Using 'UTF-8' encoding to copy filtered resources.
2023-02-06 15:50:44,259 [Worker-41: Launching Main] INFO  o.e.m.c.i.embedder.EclipseLogger - skip non existing resourceDirectory /Users/june/eclipse-workspace/streamsAndLambdas/streamsAndLambdas/src/main/resources
2023-02-06 15:50:44,261 [Worker-41: Launching Main] INFO  o.e.m.c.i.embedder.EclipseLogger - Using 'UTF-8' encoding to copy filtered resources.
2023-02-06 15:50:44,261 [Worker-41: Launching Main] INFO  o.e.m.c.i.embedder.EclipseLogger - skip non existing resourceDirectory /Users/june/eclipse-workspace/streamsAndLambdas/streamsAndLambdas/src/test/resources
2023-02-06 15:50:58,367 [Worker-39: Building] INFO  o.e.m.c.i.embedder.EclipseLogger - Using 'UTF-8' encoding to copy filtered resources.
2023-02-06 15:50:58,369 [Worker-39: Building] INFO  o.e.m.c.i.embedder.EclipseLogger - skip non existing resourceDirectory /Users/june/eclipse-workspace/streamsAndLambdas/streamsAndLambdas/src/main/resources
2023-02-06 15:50:58,372 [Worker-39: Building] INFO  o.e.m.c.i.embedder.EclipseLogger - Using 'UTF-8' encoding to copy filtered resources.
2023-02-06 15:50:58,373 [Worker-39: Building] INFO  o.e.m.c.i.embedder.EclipseLogger - skip non existing resourceDirectory /Users/june/eclipse-workspace/streamsAndLambdas/streamsAndLambdas/src/test/resources
2023-02-06 15:53:16,123 [Worker-39: Launching Main] INFO  o.e.m.c.i.embedder.EclipseLogger - Using 'UTF-8' encoding to copy filtered resources.
2023-02-06 15:53:16,125 [Worker-39: Launching Main] INFO  o.e.m.c.i.embedder.EclipseLogger - skip non existing resourceDirectory /Users/june/eclipse-workspace/streamsAndLambdas/streamsAndLambdas/src/main/resources
2023-02-06 15:53:16,126 [Worker-39: Launching Main] INFO  o.e.m.c.i.embedder.EclipseLogger - Using 'UTF-8' encoding to copy filtered resources.
2023-02-06 15:53:16,126 [Worker-39: Launching Main] INFO  o.e.m.c.i.embedder.EclipseLogger - skip non existing resourceDirectory /Users/june/eclipse-workspace/streamsAndLambdas/streamsAndLambdas/src/test/resources
2023-02-06 16:06:09,847 [Worker-46: Building] INFO  o.e.m.c.i.embedder.EclipseLogger - Using 'UTF-8' encoding to copy filtered resources.
2023-02-06 16:06:09,847 [Worker-46: Building] INFO  o.e.m.c.i.embedder.EclipseLogger - skip non existing resourceDirectory /Users/june/eclipse-workspace/streamsAndLambdas/streamsAndLambdas/src/main/resources
2023-02-06 16:06:09,850 [Worker-46: Building] INFO  o.e.m.c.i.embedder.EclipseLogger - Using 'UTF-8' encoding to copy filtered resources.
2023-02-06 16:06:09,850 [Worker-46: Building] INFO  o.e.m.c.i.embedder.EclipseLogger - skip non existing resourceDirectory /Users/june/eclipse-workspace/streamsAndLambdas/streamsAndLambdas/src/test/resources
